\BOOKMARK [1][-]{section.1}{INTRODU\307\303O}{}% 1
\BOOKMARK [1][-]{section.2}{REFERENCIAL TE\323RICO}{}% 2
\BOOKMARK [2][-]{subsection.2.1}{O que \351 algoritmo gen\351tico?}{section.2}% 3
\BOOKMARK [3][-]{subsubsection.2.1.1}{Caracter\355sticas}{subsection.2.1}% 4
\BOOKMARK [3][-]{subsubsection.2.1.2}{Aplica\347\365es}{subsection.2.1}% 5
\BOOKMARK [3][-]{subsubsection.2.1.3}{Popula\347\343o e o Indiv\355duo}{subsection.2.1}% 6
\BOOKMARK [3][-]{subsubsection.2.1.4}{Aptid\343o ou Fitness e Elitismo}{subsection.2.1}% 7
\BOOKMARK [3][-]{subsubsection.2.1.5}{Sele\347\343o}{subsection.2.1}% 8
\BOOKMARK [3][-]{subsubsection.2.1.6}{Crossover \046 Muta\347\343o}{subsection.2.1}% 9
\BOOKMARK [2][-]{subsection.2.2}{N-rainhas \(ou 8 rainhas\)}{section.2}% 10
\BOOKMARK [1][-]{section.3}{METODOLOGIA}{}% 11
\BOOKMARK [2][-]{subsection.3.1}{Implementa\347\343o}{section.3}% 12
\BOOKMARK [2][-]{subsection.3.2}{Pacotes \046 Classes}{section.3}% 13
\BOOKMARK [1][-]{section.4}{CONCLUS\303O}{}% 14
\BOOKMARK [2][-]{subsection.4.1}{Resultados Obtidos}{section.4}% 15
\BOOKMARK [3][-]{subsubsection.4.1.1}{Varia\347\343o de Popula\347\343o}{subsection.4.1}% 16
\BOOKMARK [3][-]{subsubsection.4.1.2}{Varia\347\343o do Crossover}{subsection.4.1}% 17
\BOOKMARK [3][-]{subsubsection.4.1.3}{Varia\347\343o da Muta\347\343o}{subsection.4.1}% 18
\BOOKMARK [2][-]{subsection.4.2}{Considera\347\365es finais}{section.4}% 19
\BOOKMARK [1][-]{subsection.4.2}{REFER\312NCIAS}{}% 20
